Determining if the CL_VERSION_2_0 exist failed with the following output:
Change Dir: /home/feng/workspace/chaos/cmake-build-debug/CMakeFiles/CMakeTmp

Run Build Command:"/usr/bin/make" "cmTC_a4115/fast"
/usr/bin/make -f CMakeFiles/cmTC_a4115.dir/build.make CMakeFiles/cmTC_a4115.dir/build
make[1]: Entering directory '/home/feng/workspace/chaos/cmake-build-debug/CMakeFiles/CMakeTmp'
Building C object CMakeFiles/cmTC_a4115.dir/CheckSymbolExists.c.o
/usr/bin/cc    -o CMakeFiles/cmTC_a4115.dir/CheckSymbolExists.c.o   -c /home/feng/workspace/chaos/cmake-build-debug/CMakeFiles/CMakeTmp/CheckSymbolExists.c
/home/feng/workspace/chaos/cmake-build-debug/CMakeFiles/CMakeTmp/CheckSymbolExists.c:2:47: fatal error: OpenCL_INCLUDE_DIR-NOTFOUND/CL/cl.h: No such file or directory
 #include <OpenCL_INCLUDE_DIR-NOTFOUND/CL/cl.h>
                                               ^
compilation terminated.
CMakeFiles/cmTC_a4115.dir/build.make:65: recipe for target 'CMakeFiles/cmTC_a4115.dir/CheckSymbolExists.c.o' failed
make[1]: *** [CMakeFiles/cmTC_a4115.dir/CheckSymbolExists.c.o] Error 1
make[1]: Leaving directory '/home/feng/workspace/chaos/cmake-build-debug/CMakeFiles/CMakeTmp'
Makefile:126: recipe for target 'cmTC_a4115/fast' failed
make: *** [cmTC_a4115/fast] Error 2

File /home/feng/workspace/chaos/cmake-build-debug/CMakeFiles/CMakeTmp/CheckSymbolExists.c:
/* */
#include <OpenCL_INCLUDE_DIR-NOTFOUND/CL/cl.h>

int main(int argc, char** argv)
{
  (void)argv;
#ifndef CL_VERSION_2_0
  return ((int*)(&CL_VERSION_2_0))[argc];
#else
  (void)argc;
  return 0;
#endif
}

Determining if the CL_VERSION_1_2 exist failed with the following output:
Change Dir: /home/feng/workspace/chaos/cmake-build-debug/CMakeFiles/CMakeTmp

Run Build Command:"/usr/bin/make" "cmTC_3c60a/fast"
/usr/bin/make -f CMakeFiles/cmTC_3c60a.dir/build.make CMakeFiles/cmTC_3c60a.dir/build
make[1]: Entering directory '/home/feng/workspace/chaos/cmake-build-debug/CMakeFiles/CMakeTmp'
Building C object CMakeFiles/cmTC_3c60a.dir/CheckSymbolExists.c.o
/usr/bin/cc    -o CMakeFiles/cmTC_3c60a.dir/CheckSymbolExists.c.o   -c /home/feng/workspace/chaos/cmake-build-debug/CMakeFiles/CMakeTmp/CheckSymbolExists.c
/home/feng/workspace/chaos/cmake-build-debug/CMakeFiles/CMakeTmp/CheckSymbolExists.c:2:47: fatal error: OpenCL_INCLUDE_DIR-NOTFOUND/CL/cl.h: No such file or directory
 #include <OpenCL_INCLUDE_DIR-NOTFOUND/CL/cl.h>
                                               ^
compilation terminated.
CMakeFiles/cmTC_3c60a.dir/build.make:65: recipe for target 'CMakeFiles/cmTC_3c60a.dir/CheckSymbolExists.c.o' failed
make[1]: *** [CMakeFiles/cmTC_3c60a.dir/CheckSymbolExists.c.o] Error 1
make[1]: Leaving directory '/home/feng/workspace/chaos/cmake-build-debug/CMakeFiles/CMakeTmp'
Makefile:126: recipe for target 'cmTC_3c60a/fast' failed
make: *** [cmTC_3c60a/fast] Error 2

File /home/feng/workspace/chaos/cmake-build-debug/CMakeFiles/CMakeTmp/CheckSymbolExists.c:
/* */
#include <OpenCL_INCLUDE_DIR-NOTFOUND/CL/cl.h>

int main(int argc, char** argv)
{
  (void)argv;
#ifndef CL_VERSION_1_2
  return ((int*)(&CL_VERSION_1_2))[argc];
#else
  (void)argc;
  return 0;
#endif
}

Determining if the CL_VERSION_1_1 exist failed with the following output:
Change Dir: /home/feng/workspace/chaos/cmake-build-debug/CMakeFiles/CMakeTmp

Run Build Command:"/usr/bin/make" "cmTC_a56dd/fast"
/usr/bin/make -f CMakeFiles/cmTC_a56dd.dir/build.make CMakeFiles/cmTC_a56dd.dir/build
make[1]: Entering directory '/home/feng/workspace/chaos/cmake-build-debug/CMakeFiles/CMakeTmp'
Building C object CMakeFiles/cmTC_a56dd.dir/CheckSymbolExists.c.o
/usr/bin/cc    -o CMakeFiles/cmTC_a56dd.dir/CheckSymbolExists.c.o   -c /home/feng/workspace/chaos/cmake-build-debug/CMakeFiles/CMakeTmp/CheckSymbolExists.c
/home/feng/workspace/chaos/cmake-build-debug/CMakeFiles/CMakeTmp/CheckSymbolExists.c:2:47: fatal error: OpenCL_INCLUDE_DIR-NOTFOUND/CL/cl.h: No such file or directory
 #include <OpenCL_INCLUDE_DIR-NOTFOUND/CL/cl.h>
                                               ^
compilation terminated.
CMakeFiles/cmTC_a56dd.dir/build.make:65: recipe for target 'CMakeFiles/cmTC_a56dd.dir/CheckSymbolExists.c.o' failed
make[1]: *** [CMakeFiles/cmTC_a56dd.dir/CheckSymbolExists.c.o] Error 1
make[1]: Leaving directory '/home/feng/workspace/chaos/cmake-build-debug/CMakeFiles/CMakeTmp'
Makefile:126: recipe for target 'cmTC_a56dd/fast' failed
make: *** [cmTC_a56dd/fast] Error 2

File /home/feng/workspace/chaos/cmake-build-debug/CMakeFiles/CMakeTmp/CheckSymbolExists.c:
/* */
#include <OpenCL_INCLUDE_DIR-NOTFOUND/CL/cl.h>

int main(int argc, char** argv)
{
  (void)argv;
#ifndef CL_VERSION_1_1
  return ((int*)(&CL_VERSION_1_1))[argc];
#else
  (void)argc;
  return 0;
#endif
}

Determining if the CL_VERSION_1_0 exist failed with the following output:
Change Dir: /home/feng/workspace/chaos/cmake-build-debug/CMakeFiles/CMakeTmp

Run Build Command:"/usr/bin/make" "cmTC_de237/fast"
/usr/bin/make -f CMakeFiles/cmTC_de237.dir/build.make CMakeFiles/cmTC_de237.dir/build
make[1]: Entering directory '/home/feng/workspace/chaos/cmake-build-debug/CMakeFiles/CMakeTmp'
Building C object CMakeFiles/cmTC_de237.dir/CheckSymbolExists.c.o
/usr/bin/cc    -o CMakeFiles/cmTC_de237.dir/CheckSymbolExists.c.o   -c /home/feng/workspace/chaos/cmake-build-debug/CMakeFiles/CMakeTmp/CheckSymbolExists.c
/home/feng/workspace/chaos/cmake-build-debug/CMakeFiles/CMakeTmp/CheckSymbolExists.c:2:47: fatal error: OpenCL_INCLUDE_DIR-NOTFOUND/CL/cl.h: No such file or directory
 #include <OpenCL_INCLUDE_DIR-NOTFOUND/CL/cl.h>
                                               ^
compilation terminated.
CMakeFiles/cmTC_de237.dir/build.make:65: recipe for target 'CMakeFiles/cmTC_de237.dir/CheckSymbolExists.c.o' failed
make[1]: *** [CMakeFiles/cmTC_de237.dir/CheckSymbolExists.c.o] Error 1
make[1]: Leaving directory '/home/feng/workspace/chaos/cmake-build-debug/CMakeFiles/CMakeTmp'
Makefile:126: recipe for target 'cmTC_de237/fast' failed
make: *** [cmTC_de237/fast] Error 2

File /home/feng/workspace/chaos/cmake-build-debug/CMakeFiles/CMakeTmp/CheckSymbolExists.c:
/* */
#include <OpenCL_INCLUDE_DIR-NOTFOUND/CL/cl.h>

int main(int argc, char** argv)
{
  (void)argv;
#ifndef CL_VERSION_1_0
  return ((int*)(&CL_VERSION_1_0))[argc];
#else
  (void)argc;
  return 0;
#endif
}

